chaotic-aur/android-studio
bat
chaotic-aur/brave-bin
brightnessctl
chromium
clang
cliphist
docker
docker-desktop
dunst
eslint
eza
fastfetch
firefox-developer-edition
fzf
gdb
gnome-disk-utility
gnome-keyring
gnome-terminal
go
gtk2
chaotic-aur/google-chrome
grim
chaotic-aur/grimblast-git
hypridle
hyprlock
hyprpaper
hyprpicker
chaotic-aur/intellij-idea-ultimate-edition
kitty
lldb
loupe
chaotic-aur/mongodb-compass
nautilus
neovim
noto-fonts-emoji
noto-fonts-cjk
noto-fonts-extra
ntfs-3g
nwg-look
pavucontrol
polkit-gnome
chaotic-aur/postman-bin
chaotic-aur/profile-sync-daemon-brave
python-pip
python-pywal16
rofi-wayland
rust
rust-analyzer
stow
ttf-font-awesome
unzip
chaotic-aur/visual-studio-code-bin
warp-terminal
waybar
xdg-user-dirs
xorg-xwayland
zed
zen-browser-avx2-bin
zoxide
zsh
